====================================
Types potentially sent from browser:
====================================

Reachable types computed on: Tue Oct 04 07:10:26 BST 2011
E
   Serialization status
      Not serializable
   Path
      'E' is reachable from field 'exposeElement' of type 'java.util.ArrayList<E>'
      'java.util.ArrayList<uk.ac.lkl.client.composer.MicroBehaviourEnhancement>' is reachable as a subtype of type 'class java.util.ArrayList<uk.ac.lkl.client.composer.MicroBehaviourEnhancement>'
      Started from 'java.util.ArrayList<uk.ac.lkl.client.composer.MicroBehaviourEnhancement>'

K
   Serialization status
      Not serializable
   Path
      'K' is reachable from field 'exposeKey' of type 'java.util.HashMap<K, V>'
      'java.util.HashMap<java.lang.Integer, java.lang.String>' is reachable as a subtype of type 'class java.util.HashMap<java.lang.Integer, java.lang.String>'
      Started from 'java.util.HashMap<java.lang.Integer, java.lang.String>'

V
   Serialization status
      Not serializable
   Path
      'V' is reachable from field 'exposeValue' of type 'java.util.HashMap<K, V>'
      'java.util.HashMap<java.lang.Integer, java.lang.String>' is reachable as a subtype of type 'class java.util.HashMap<java.lang.Integer, java.lang.String>'
      Started from 'java.util.HashMap<java.lang.Integer, java.lang.String>'

com.google.gwt.user.client.rpc.IncompatibleRemoteServiceException
   Serialization status
      Instantiable
   Path
      Started from 'com.google.gwt.user.client.rpc.IncompatibleRemoteServiceException'

com.google.gwt.user.client.rpc.XsrfToken
   Serialization status
      Instantiable
   Path
      Started from 'com.google.gwt.user.client.rpc.XsrfToken'

com.google.gwt.user.client.ui.ChangeListener
   Serialization status
      Not serializable
   Path
      'com.google.gwt.user.client.ui.ChangeListener' is reachable from type argument 0 of type 'java.util.ArrayList<E>'
      'java.util.ArrayList<com.google.gwt.user.client.ui.ChangeListener>' is reachable as a supertype of type 'class com.google.gwt.user.client.ui.ChangeListenerCollection'
      'com.google.gwt.user.client.ui.ChangeListenerCollection' is reachable as a subtype of type 'class java.util.ArrayList<java.util.ArrayList<java.lang.String>>'
      Started from 'java.util.ArrayList<java.util.ArrayList<java.lang.String>>'

com.google.gwt.user.client.ui.ChangeListenerCollection
   Serialization status
      Instantiable
   Path
      'com.google.gwt.user.client.ui.ChangeListenerCollection' is reachable as a subtype of type 'class java.util.ArrayList<java.util.ArrayList<java.lang.String>>'
      Started from 'java.util.ArrayList<java.util.ArrayList<java.lang.String>>'

com.google.gwt.user.client.ui.ClickListener
   Serialization status
      Not serializable
   Path
      'com.google.gwt.user.client.ui.ClickListener' is reachable from type argument 0 of type 'java.util.ArrayList<E>'
      'java.util.ArrayList<com.google.gwt.user.client.ui.ClickListener>' is reachable as a supertype of type 'class com.google.gwt.user.client.ui.ClickListenerCollection'
      'com.google.gwt.user.client.ui.ClickListenerCollection' is reachable as a subtype of type 'class java.util.ArrayList<java.util.ArrayList<java.lang.String>>'
      Started from 'java.util.ArrayList<java.util.ArrayList<java.lang.String>>'

com.google.gwt.user.client.ui.ClickListenerCollection
   Serialization status
      Instantiable
   Path
      'com.google.gwt.user.client.ui.ClickListenerCollection' is reachable as a subtype of type 'class java.util.ArrayList<java.util.ArrayList<java.lang.String>>'
      Started from 'java.util.ArrayList<java.util.ArrayList<java.lang.String>>'

com.google.gwt.user.client.ui.FocusListener
   Serialization status
      Not serializable
   Path
      'com.google.gwt.user.client.ui.FocusListener' is reachable from type argument 0 of type 'java.util.ArrayList<E>'
      'java.util.ArrayList<com.google.gwt.user.client.ui.FocusListener>' is reachable as a supertype of type 'class com.google.gwt.user.client.ui.FocusListenerCollection'
      'com.google.gwt.user.client.ui.FocusListenerCollection' is reachable as a subtype of type 'class java.util.ArrayList<java.util.ArrayList<java.lang.String>>'
      Started from 'java.util.ArrayList<java.util.ArrayList<java.lang.String>>'

com.google.gwt.user.client.ui.FocusListenerCollection
   Serialization status
      Instantiable
   Path
      'com.google.gwt.user.client.ui.FocusListenerCollection' is reachable as a subtype of type 'class java.util.ArrayList<java.util.ArrayList<java.lang.String>>'
      Started from 'java.util.ArrayList<java.util.ArrayList<java.lang.String>>'

com.google.gwt.user.client.ui.KeyboardListener
   Serialization status
      Not serializable
   Path
      'com.google.gwt.user.client.ui.KeyboardListener' is reachable from type argument 0 of type 'java.util.ArrayList<E>'
      'java.util.ArrayList<com.google.gwt.user.client.ui.KeyboardListener>' is reachable as a supertype of type 'class com.google.gwt.user.client.ui.KeyboardListenerCollection'
      'com.google.gwt.user.client.ui.KeyboardListenerCollection' is reachable as a subtype of type 'class java.util.ArrayList<java.util.ArrayList<java.lang.String>>'
      Started from 'java.util.ArrayList<java.util.ArrayList<java.lang.String>>'

com.google.gwt.user.client.ui.KeyboardListenerCollection
   Serialization status
      Instantiable
   Path
      'com.google.gwt.user.client.ui.KeyboardListenerCollection' is reachable as a subtype of type 'class java.util.ArrayList<java.util.ArrayList<java.lang.String>>'
      Started from 'java.util.ArrayList<java.util.ArrayList<java.lang.String>>'

int
   Serialization status
      Not serializable
   Path
      'int' is reachable from field 'size' of type 'java.util.ArrayList<E>'
      'java.util.ArrayList<uk.ac.lkl.client.composer.MicroBehaviourEnhancement>' is reachable as a subtype of type 'class java.util.ArrayList<uk.ac.lkl.client.composer.MicroBehaviourEnhancement>'
      Started from 'java.util.ArrayList<uk.ac.lkl.client.composer.MicroBehaviourEnhancement>'

java.lang.Exception
   Serialization status
      Field serializable
   Path
      'java.lang.Exception' is reachable as a supertype of type 'class java.lang.RuntimeException'
      'java.lang.RuntimeException' is reachable as a supertype of type 'class com.google.gwt.user.client.rpc.IncompatibleRemoteServiceException'
      'com.google.gwt.user.client.rpc.IncompatibleRemoteServiceException' is reachable as a subtype of type 'class com.google.gwt.user.client.rpc.IncompatibleRemoteServiceException'
      Started from 'com.google.gwt.user.client.rpc.IncompatibleRemoteServiceException'

java.lang.Integer
   Serialization status
      Instantiable
   Path
      'java.lang.Integer' is reachable from type argument 0 of type 'java.util.HashMap<K, V>'
      'java.util.HashMap<java.lang.Integer, java.lang.String>' is reachable as a subtype of type 'class java.util.HashMap<java.lang.Integer, java.lang.String>'
      Started from 'java.util.HashMap<java.lang.Integer, java.lang.String>'

java.lang.Number
   Serialization status
      Field serializable
   Path
      'java.lang.Number' is reachable as a supertype of type 'class java.lang.Integer'
      'java.lang.Integer' is reachable as a subtype of type 'class java.lang.Integer'
      'java.lang.Integer' is reachable from type argument 0 of type 'java.util.HashMap<K, V>'
      'java.util.HashMap<java.lang.Integer, java.lang.String>' is reachable as a subtype of type 'class java.util.HashMap<java.lang.Integer, java.lang.String>'
      Started from 'java.util.HashMap<java.lang.Integer, java.lang.String>'

java.lang.RuntimeException
   Serialization status
      Field serializable
   Path
      'java.lang.RuntimeException' is reachable as a supertype of type 'class com.google.gwt.user.client.rpc.IncompatibleRemoteServiceException'
      'com.google.gwt.user.client.rpc.IncompatibleRemoteServiceException' is reachable as a subtype of type 'class com.google.gwt.user.client.rpc.IncompatibleRemoteServiceException'
      Started from 'com.google.gwt.user.client.rpc.IncompatibleRemoteServiceException'

java.lang.String
   Serialization status
      Instantiable
   Path
      Started from 'java.lang.String'

java.lang.String[]
   Serialization status
      Instantiable
   Path
      Started from 'java.lang.String[]'

java.lang.Throwable
   Serialization status
      Field serializable
   Path
      'java.lang.Throwable' is reachable as a supertype of type 'class java.lang.Exception'
      'java.lang.Exception' is reachable as a supertype of type 'class java.lang.RuntimeException'
      'java.lang.RuntimeException' is reachable as a supertype of type 'class com.google.gwt.user.client.rpc.IncompatibleRemoteServiceException'
      'com.google.gwt.user.client.rpc.IncompatibleRemoteServiceException' is reachable as a subtype of type 'class com.google.gwt.user.client.rpc.IncompatibleRemoteServiceException'
      Started from 'com.google.gwt.user.client.rpc.IncompatibleRemoteServiceException'

java.util.ArrayList<uk.ac.lkl.client.composer.MicroBehaviourEnhancement>
   Serialization status
      Instantiable
   Path
      Started from 'java.util.ArrayList<uk.ac.lkl.client.composer.MicroBehaviourEnhancement>'

java.util.ArrayList<java.util.ArrayList<java.lang.String>>
   Serialization status
      Instantiable
   Path
      Started from 'java.util.ArrayList<java.util.ArrayList<java.lang.String>>'

java.util.ArrayList<com.google.gwt.user.client.ui.ChangeListener>
   Serialization status
      Field serializable
   Path
      'java.util.ArrayList<com.google.gwt.user.client.ui.ChangeListener>' is reachable as a supertype of type 'class com.google.gwt.user.client.ui.ChangeListenerCollection'
      'com.google.gwt.user.client.ui.ChangeListenerCollection' is reachable as a subtype of type 'class java.util.ArrayList<java.util.ArrayList<java.lang.String>>'
      Started from 'java.util.ArrayList<java.util.ArrayList<java.lang.String>>'

java.util.ArrayList<java.lang.String>
   Serialization status
      Instantiable
   Path
      'java.util.ArrayList<java.lang.String>' is reachable from type argument 0 of type 'java.util.ArrayList<E>'
      'java.util.ArrayList<java.util.ArrayList<java.lang.String>>' is reachable as a subtype of type 'class java.util.ArrayList<java.util.ArrayList<java.lang.String>>'
      Started from 'java.util.ArrayList<java.util.ArrayList<java.lang.String>>'

java.util.ArrayList<com.google.gwt.user.client.ui.FocusListener>
   Serialization status
      Field serializable
   Path
      'java.util.ArrayList<com.google.gwt.user.client.ui.FocusListener>' is reachable as a supertype of type 'class com.google.gwt.user.client.ui.FocusListenerCollection'
      'com.google.gwt.user.client.ui.FocusListenerCollection' is reachable as a subtype of type 'class java.util.ArrayList<java.util.ArrayList<java.lang.String>>'
      Started from 'java.util.ArrayList<java.util.ArrayList<java.lang.String>>'

java.util.ArrayList<com.google.gwt.user.client.ui.ClickListener>
   Serialization status
      Field serializable
   Path
      'java.util.ArrayList<com.google.gwt.user.client.ui.ClickListener>' is reachable as a supertype of type 'class com.google.gwt.user.client.ui.ClickListenerCollection'
      'com.google.gwt.user.client.ui.ClickListenerCollection' is reachable as a subtype of type 'class java.util.ArrayList<java.util.ArrayList<java.lang.String>>'
      Started from 'java.util.ArrayList<java.util.ArrayList<java.lang.String>>'

java.util.ArrayList<com.google.gwt.user.client.ui.KeyboardListener>
   Serialization status
      Field serializable
   Path
      'java.util.ArrayList<com.google.gwt.user.client.ui.KeyboardListener>' is reachable as a supertype of type 'class com.google.gwt.user.client.ui.KeyboardListenerCollection'
      'com.google.gwt.user.client.ui.KeyboardListenerCollection' is reachable as a subtype of type 'class java.util.ArrayList<java.util.ArrayList<java.lang.String>>'
      Started from 'java.util.ArrayList<java.util.ArrayList<java.lang.String>>'

java.util.HashMap<java.lang.Integer, java.lang.String>
   Serialization status
      Instantiable
   Path
      Started from 'java.util.HashMap<java.lang.Integer, java.lang.String>'

java.util.LinkedHashMap<java.lang.Integer, java.lang.String>
   Serialization status
      Instantiable
   Path
      'java.util.LinkedHashMap<java.lang.Integer, java.lang.String>' is reachable as a subtype of type 'class java.util.HashMap<java.lang.Integer, java.lang.String>'
      Started from 'java.util.HashMap<java.lang.Integer, java.lang.String>'

uk.ac.lkl.client.composer.MicroBehaviourEnhancement
   Serialization status
      Instantiable
   Path
      'uk.ac.lkl.client.composer.MicroBehaviourEnhancement' is reachable from type argument 0 of type 'java.util.ArrayList<E>'
      'java.util.ArrayList<uk.ac.lkl.client.composer.MicroBehaviourEnhancement>' is reachable as a subtype of type 'class java.util.ArrayList<uk.ac.lkl.client.composer.MicroBehaviourEnhancement>'
      Started from 'java.util.ArrayList<uk.ac.lkl.client.composer.MicroBehaviourEnhancement>'

===================================
Types potentially sent from server:
===================================

Reachable types computed on: Tue Oct 04 07:10:26 BST 2011
E
   Serialization status
      Not serializable
   Path
      'E' is reachable from field 'exposeElement' of type 'java.util.LinkedList<E>'
      'java.util.LinkedList<uk.ac.lkl.client.composer.MicroBehaviourEnhancement>' is reachable as a subtype of type 'interface java.util.List<uk.ac.lkl.client.composer.MicroBehaviourEnhancement>'
      Started from 'java.util.List<uk.ac.lkl.client.composer.MicroBehaviourEnhancement>'

E
   Serialization status
      Not serializable
   Path
      'E' is reachable from field 'element' of type 'java.util.Collections.SingletonList<E>'
      'java.util.Collections.SingletonList<uk.ac.lkl.client.composer.MicroBehaviourEnhancement>' is reachable as a subtype of type 'interface java.util.List<uk.ac.lkl.client.composer.MicroBehaviourEnhancement>'
      Started from 'java.util.List<uk.ac.lkl.client.composer.MicroBehaviourEnhancement>'

E
   Serialization status
      Not serializable
   Path
      'E' is reachable from field 'exposeElement' of type 'java.util.Vector<E>'
      'java.util.Vector<uk.ac.lkl.client.composer.MicroBehaviourEnhancement>' is reachable as a supertype of type 'class java.util.Stack<uk.ac.lkl.client.composer.MicroBehaviourEnhancement>'
      'java.util.Stack<uk.ac.lkl.client.composer.MicroBehaviourEnhancement>' is reachable as a subtype of type 'interface java.util.List<uk.ac.lkl.client.composer.MicroBehaviourEnhancement>'
      Started from 'java.util.List<uk.ac.lkl.client.composer.MicroBehaviourEnhancement>'

E
   Serialization status
      Not serializable
   Path
      'E' is reachable from field 'exposeElement' of type 'java.util.ArrayList<E>'
      'java.util.ArrayList<uk.ac.lkl.client.composer.MicroBehaviourEnhancement>' is reachable as a subtype of type 'interface java.util.List<uk.ac.lkl.client.composer.MicroBehaviourEnhancement>'
      Started from 'java.util.List<uk.ac.lkl.client.composer.MicroBehaviourEnhancement>'

E[]
   Serialization status
      Not serializable
   Path
      'E[]' is reachable from field 'array' of type 'java.util.Arrays.ArrayList<E>'
      'java.util.Arrays.ArrayList<uk.ac.lkl.client.composer.MicroBehaviourEnhancement>' is reachable as a subtype of type 'interface java.util.List<uk.ac.lkl.client.composer.MicroBehaviourEnhancement>'
      Started from 'java.util.List<uk.ac.lkl.client.composer.MicroBehaviourEnhancement>'

K
   Serialization status
      Not serializable
   Path
      'K' is reachable from field 'exposeKey' of type 'java.util.HashMap<K, V>'
      'java.util.HashMap<java.lang.Integer, java.lang.String>' is reachable as a subtype of type 'class java.util.HashMap<java.lang.Integer, java.lang.String>'
      Started from 'java.util.HashMap<java.lang.Integer, java.lang.String>'

V
   Serialization status
      Not serializable
   Path
      'V' is reachable from field 'exposeValue' of type 'java.util.HashMap<K, V>'
      'java.util.HashMap<java.lang.Integer, java.lang.String>' is reachable as a subtype of type 'class java.util.HashMap<java.lang.Integer, java.lang.String>'
      Started from 'java.util.HashMap<java.lang.Integer, java.lang.String>'

com.google.gwt.user.client.rpc.IncompatibleRemoteServiceException
   Serialization status
      Instantiable
   Path
      Started from 'com.google.gwt.user.client.rpc.IncompatibleRemoteServiceException'

com.google.gwt.user.client.rpc.RpcTokenException
   Serialization status
      Instantiable
   Path
      Started from 'com.google.gwt.user.client.rpc.RpcTokenException'

int
   Serialization status
      Not serializable
   Path
      'int' is reachable from field 'size' of type 'java.util.LinkedList<E>'
      'java.util.LinkedList<uk.ac.lkl.client.composer.MicroBehaviourEnhancement>' is reachable as a subtype of type 'interface java.util.List<uk.ac.lkl.client.composer.MicroBehaviourEnhancement>'
      Started from 'java.util.List<uk.ac.lkl.client.composer.MicroBehaviourEnhancement>'

java.lang.Exception
   Serialization status
      Field serializable
   Path
      'java.lang.Exception' is reachable as a supertype of type 'class java.lang.RuntimeException'
      'java.lang.RuntimeException' is reachable as a supertype of type 'class com.google.gwt.user.client.rpc.IncompatibleRemoteServiceException'
      'com.google.gwt.user.client.rpc.IncompatibleRemoteServiceException' is reachable as a subtype of type 'class com.google.gwt.user.client.rpc.IncompatibleRemoteServiceException'
      Started from 'com.google.gwt.user.client.rpc.IncompatibleRemoteServiceException'

java.lang.Integer
   Serialization status
      Instantiable
   Path
      'java.lang.Integer' is reachable from type argument 0 of type 'java.util.HashMap<K, V>'
      'java.util.HashMap<java.lang.Integer, java.lang.String>' is reachable as a subtype of type 'class java.util.HashMap<java.lang.Integer, java.lang.String>'
      Started from 'java.util.HashMap<java.lang.Integer, java.lang.String>'

java.lang.Number
   Serialization status
      Field serializable
   Path
      'java.lang.Number' is reachable as a supertype of type 'class java.lang.Integer'
      'java.lang.Integer' is reachable as a subtype of type 'class java.lang.Integer'
      'java.lang.Integer' is reachable from type argument 0 of type 'java.util.HashMap<K, V>'
      'java.util.HashMap<java.lang.Integer, java.lang.String>' is reachable as a subtype of type 'class java.util.HashMap<java.lang.Integer, java.lang.String>'
      Started from 'java.util.HashMap<java.lang.Integer, java.lang.String>'

java.lang.RuntimeException
   Serialization status
      Field serializable
   Path
      'java.lang.RuntimeException' is reachable as a supertype of type 'class com.google.gwt.user.client.rpc.IncompatibleRemoteServiceException'
      'com.google.gwt.user.client.rpc.IncompatibleRemoteServiceException' is reachable as a subtype of type 'class com.google.gwt.user.client.rpc.IncompatibleRemoteServiceException'
      Started from 'com.google.gwt.user.client.rpc.IncompatibleRemoteServiceException'

java.lang.String
   Serialization status
      Instantiable
   Path
      Started from 'java.lang.String'

java.lang.String[]
   Serialization status
      Instantiable
   Path
      Started from 'java.lang.String[]'

java.lang.Throwable
   Serialization status
      Field serializable
   Path
      'java.lang.Throwable' is reachable as a supertype of type 'class java.lang.Exception'
      'java.lang.Exception' is reachable as a supertype of type 'class java.lang.RuntimeException'
      'java.lang.RuntimeException' is reachable as a supertype of type 'class com.google.gwt.user.client.rpc.IncompatibleRemoteServiceException'
      'com.google.gwt.user.client.rpc.IncompatibleRemoteServiceException' is reachable as a subtype of type 'class com.google.gwt.user.client.rpc.IncompatibleRemoteServiceException'
      Started from 'com.google.gwt.user.client.rpc.IncompatibleRemoteServiceException'

java.util.ArrayList<uk.ac.lkl.client.composer.MicroBehaviourEnhancement>
   Serialization status
      Instantiable
   Path
      'java.util.ArrayList<uk.ac.lkl.client.composer.MicroBehaviourEnhancement>' is reachable as a subtype of type 'interface java.util.List<uk.ac.lkl.client.composer.MicroBehaviourEnhancement>'
      Started from 'java.util.List<uk.ac.lkl.client.composer.MicroBehaviourEnhancement>'

java.util.Arrays.ArrayList<uk.ac.lkl.client.composer.MicroBehaviourEnhancement>
   Serialization status
      Instantiable
   Path
      'java.util.Arrays.ArrayList<uk.ac.lkl.client.composer.MicroBehaviourEnhancement>' is reachable as a subtype of type 'interface java.util.List<uk.ac.lkl.client.composer.MicroBehaviourEnhancement>'
      Started from 'java.util.List<uk.ac.lkl.client.composer.MicroBehaviourEnhancement>'

java.util.Collections.EmptyList
   Serialization status
      Instantiable
   Path
      'java.util.Collections.EmptyList' is reachable as a subtype of type 'interface java.util.List<uk.ac.lkl.client.composer.MicroBehaviourEnhancement>'
      Started from 'java.util.List<uk.ac.lkl.client.composer.MicroBehaviourEnhancement>'

java.util.Collections.SingletonList<uk.ac.lkl.client.composer.MicroBehaviourEnhancement>
   Serialization status
      Instantiable
   Path
      'java.util.Collections.SingletonList<uk.ac.lkl.client.composer.MicroBehaviourEnhancement>' is reachable as a subtype of type 'interface java.util.List<uk.ac.lkl.client.composer.MicroBehaviourEnhancement>'
      Started from 'java.util.List<uk.ac.lkl.client.composer.MicroBehaviourEnhancement>'

java.util.HashMap<java.lang.Integer, java.lang.String>
   Serialization status
      Instantiable
   Path
      Started from 'java.util.HashMap<java.lang.Integer, java.lang.String>'

java.util.LinkedHashMap<java.lang.Integer, java.lang.String>
   Serialization status
      Instantiable
   Path
      'java.util.LinkedHashMap<java.lang.Integer, java.lang.String>' is reachable as a subtype of type 'class java.util.HashMap<java.lang.Integer, java.lang.String>'
      Started from 'java.util.HashMap<java.lang.Integer, java.lang.String>'

java.util.LinkedList<uk.ac.lkl.client.composer.MicroBehaviourEnhancement>
   Serialization status
      Instantiable
   Path
      'java.util.LinkedList<uk.ac.lkl.client.composer.MicroBehaviourEnhancement>' is reachable as a subtype of type 'interface java.util.List<uk.ac.lkl.client.composer.MicroBehaviourEnhancement>'
      Started from 'java.util.List<uk.ac.lkl.client.composer.MicroBehaviourEnhancement>'

java.util.LinkedList.Node<E>
   Serialization status
      Not serializable
   Path
      'java.util.LinkedList.Node<E>' is reachable from field 'header' of type 'java.util.LinkedList<E>'
      'java.util.LinkedList<uk.ac.lkl.client.composer.MicroBehaviourEnhancement>' is reachable as a subtype of type 'interface java.util.List<uk.ac.lkl.client.composer.MicroBehaviourEnhancement>'
      Started from 'java.util.List<uk.ac.lkl.client.composer.MicroBehaviourEnhancement>'

java.util.List<uk.ac.lkl.client.composer.MicroBehaviourEnhancement>
   Serialization status
      Not serializable
   Path
      Started from 'java.util.List<uk.ac.lkl.client.composer.MicroBehaviourEnhancement>'

java.util.Stack<uk.ac.lkl.client.composer.MicroBehaviourEnhancement>
   Serialization status
      Instantiable
   Path
      'java.util.Stack<uk.ac.lkl.client.composer.MicroBehaviourEnhancement>' is reachable as a subtype of type 'interface java.util.List<uk.ac.lkl.client.composer.MicroBehaviourEnhancement>'
      Started from 'java.util.List<uk.ac.lkl.client.composer.MicroBehaviourEnhancement>'

java.util.Vector<uk.ac.lkl.client.composer.MicroBehaviourEnhancement>
   Serialization status
      Instantiable
   Path
      'java.util.Vector<uk.ac.lkl.client.composer.MicroBehaviourEnhancement>' is reachable as a supertype of type 'class java.util.Stack<uk.ac.lkl.client.composer.MicroBehaviourEnhancement>'
      'java.util.Stack<uk.ac.lkl.client.composer.MicroBehaviourEnhancement>' is reachable as a subtype of type 'interface java.util.List<uk.ac.lkl.client.composer.MicroBehaviourEnhancement>'
      Started from 'java.util.List<uk.ac.lkl.client.composer.MicroBehaviourEnhancement>'

uk.ac.lkl.client.composer.MicroBehaviourEnhancement
   Serialization status
      Instantiable
   Path
      'uk.ac.lkl.client.composer.MicroBehaviourEnhancement' is reachable from type argument 0 of type 'java.util.LinkedList<E>'
      'java.util.LinkedList<uk.ac.lkl.client.composer.MicroBehaviourEnhancement>' is reachable as a subtype of type 'interface java.util.List<uk.ac.lkl.client.composer.MicroBehaviourEnhancement>'
      Started from 'java.util.List<uk.ac.lkl.client.composer.MicroBehaviourEnhancement>'

uk.ac.lkl.client.composer.MicroBehaviourEnhancement[]
   Serialization status
      Instantiable
   Path
      'uk.ac.lkl.client.composer.MicroBehaviourEnhancement' is reachable from type argument 0 of type 'java.util.Arrays.ArrayList<E>'
      'java.util.Arrays.ArrayList<uk.ac.lkl.client.composer.MicroBehaviourEnhancement>' is reachable as a subtype of type 'interface java.util.List<uk.ac.lkl.client.composer.MicroBehaviourEnhancement>'
      Started from 'java.util.List<uk.ac.lkl.client.composer.MicroBehaviourEnhancement>'

